<?xml version="1.0" encoding="UTF-8"?>
<!-- Generated by org.testng.reporters.JUnitReportReporter -->
<testsuite skipped="0" hostname="DESKTOP-FLR99R7" name="Automation.Soap" tests="5" failures="0" timestamp="2020-04-16T11:53:07 IST" time="0.060" errors="0">
  <testcase name="server4" time="0.008" classname="Automation.Soap"/>
  <testcase name="server6" time="0.008" classname="Automation.Soap"/>
  <testcase name="server1" time="0.024" classname="Automation.Soap"/>
  <testcase name="server2" time="0.008" classname="Automation.Soap"/>
  <testcase name="server3" time="0.012" classname="Automation.Soap"/>
</testsuite> <!-- Automation.Soap -->
