<?xml version="1.0" encoding="UTF-8"?>
<!-- Generated by org.testng.reporters.JUnitReportReporter -->
<testsuite skipped="0" hostname="DESKTOP-FLR99R7" name="Automation.NewTest" tests="2" failures="0" timestamp="2020-05-18T15:39:19 IST" time="0.247" errors="0">
  <testcase name="verifygmailtext" time="0.192" classname="Automation.NewTest"/>
  <testcase name="verifyTitle" time="0.055" classname="Automation.NewTest"/>
</testsuite> <!-- Automation.NewTest -->
