<?xml version="1.0" encoding="UTF-8"?>
<!-- Generated by org.testng.reporters.JUnitReportReporter -->
<testsuite hostname="DESKTOP-FLR99R7" failures="0" tests="2" name="Automation.NewTest" time="0.396" errors="0" timestamp="2020-08-07T17:37:34 IST" skipped="0">
  <testcase classname="Automation.NewTest" name="verifygmailtext" time="0.352"/>
  <testcase classname="Automation.NewTest" name="verifyTitle" time="0.044"/>
</testsuite> <!-- Automation.NewTest -->
