<?xml version="1.0" encoding="UTF-8"?>
<!-- Generated by org.testng.reporters.JUnitReportReporter -->
<testsuite skipped="0" hostname="DESKTOP-FLR99R7" name="Automation.AppTest" tests="3" failures="0" timestamp="2020-04-10T16:44:23 IST" time="0.054" errors="0">
  <testcase name="isNotPlaindromeTest" time="0.016" classname="Automation.AppTest"/>
  <testcase name="isPlaindromeTest" time="0.007" classname="Automation.AppTest"/>
  <testcase name="isNotPlaindromeExceptionTest" time="0.031" classname="Automation.AppTest"/>
</testsuite> <!-- Automation.AppTest -->
