<?xml version="1.0" encoding="UTF-8"?>
<!-- Generated by org.testng.reporters.JUnitReportReporter -->
<testsuite skipped="0" hostname="DESKTOP-FLR99R7" name="Automation.Utf_Test" tests="1" failures="0" timestamp="2020-05-13T07:48:02 IST" time="0.037" errors="0">
  <testcase name="removeascii" time="0.037" classname="Automation.Utf_Test"/>
</testsuite> <!-- Automation.Utf_Test -->
