<?xml version="1.0" encoding="UTF-8"?>
<!-- Generated by org.testng.reporters.JUnitReportReporter -->
<testsuite skipped="0" hostname="DESKTOP-FLR99R7" name="Automation.NewTest" tests="2" failures="0" timestamp="20 Apr 2020 11:57:39 GMT" time="0.147" errors="0">
  <testcase name="verifygmailtext" time="0.126" classname="Automation.NewTest"/>
  <testcase name="verifyTitle" time="0.021" classname="Automation.NewTest"/>
</testsuite> <!-- Automation.NewTest -->
