<?xml version="1.0" encoding="UTF-8"?>
<!-- Generated by org.testng.reporters.JUnitReportReporter -->
<testsuite skipped="0" hostname="DESKTOP-FLR99R7" name="Automation.soap2Test" tests="5" failures="0" timestamp="20 Apr 2020 11:57:39 GMT" time="0.002" errors="0">
  <testcase name="server2" time="0.000" classname="Automation.soap2Test"/>
  <testcase name="server4" time="0.000" classname="Automation.soap2Test"/>
  <testcase name="server1" time="0.001" classname="Automation.soap2Test"/>
  <testcase name="server3" time="0.000" classname="Automation.soap2Test"/>
  <testcase name="server6" time="0.001" classname="Automation.soap2Test"/>
</testsuite> <!-- Automation.soap2Test -->
